[0mGET /forgot [31m500[0m 4.424 ms - 1282[0m
[0mGET / [36m304[0m 1989.428 ms - -[0m
[0mGET /css/home-f9def80ec4.css [33m404[0m 239.420 ms - 162[0m
[0mGET /css/layout-ace7e272ed.css [33m404[0m 259.977 ms - 164[0m
[0mGET /css/modal-07c278fe22.css [33m404[0m 264.234 ms - 163[0m
[0mGET /images/spotify-logo-1d13c768b9.png [33m404[0m 260.955 ms - 173[0m
[0mGET /images/google-logo-f50d352f9b.jpg [33m404[0m 268.635 ms - 172[0m
[0mGET /js/modal-1cdc41dc51.js [33m404[0m 239.509 ms - 161[0m
[0mGET /js/utilities-1a455e6f22.js [33m404[0m 241.880 ms - 165[0m
[0mGET /js/queue-897b659079.js [33m404[0m 236.142 ms - 161[0m
[0mGET /images/favicon-ae4cbf2adc.png [33m404[0m 237.095 ms - 168[0m
[0mGET /users/auth/google [36m302[0m 237.962 ms - 0[0m
[0mGET /auth/google/callback?code=4%2F0AfJohXngiaVCmMQuWLeffmrz_NJUsgTdWCqsf_fM2T4Lq45-b_1Vq3keRf-kLk07ec-tdA&scope=email+profile+https%3A%2F%2Fwww.googleapis.com%2Fauth%2Fuserinfo.profile+https%3A%2F%2Fwww.googleapis.com%2Fauth%2Fuserinfo.email+openid&authuser=0&prompt=consent [33m404[0m 237.703 ms - 159[0m
[0mGET /users/login [36m304[0m 265.630 ms - -[0m
[0mGET /css/modal-07c278fe22.css [33m404[0m 238.701 ms - 163[0m
[0mGET /css/layout-ace7e272ed.css [33m404[0m 253.539 ms - 164[0m
[0mGET /css/user_sign_in-b3a88e169e.css [33m404[0m 251.882 ms - 170[0m
[0mGET /js/utilities-1a455e6f22.js [33m404[0m 228.999 ms - 165[0m
[0mGET /js/modal-1cdc41dc51.js [33m404[0m 240.110 ms - 161[0m
[0mGET /users/signup [32m200[0m 253.586 ms - 2106[0m
[0mGET /css/layout-ace7e272ed.css [33m404[0m 232.345 ms - 164[0m
[0mGET /css/user_sign_up-569c47cee9.css [33m404[0m 250.073 ms - 170[0m
[0mGET /css/modal-07c278fe22.css [33m404[0m 265.574 ms - 163[0m
[0mGET /js/modal-1cdc41dc51.js [33m404[0m 242.020 ms - 161[0m
[0mGET /js/utilities-1a455e6f22.js [33m404[0m 257.822 ms - 165[0m
[0mPOST /users/create-user [36m302[0m 264.045 ms - 112[0m
[0mGET /users/signup [36m304[0m 247.806 ms - -[0m
[0mGET /css/user_sign_up-569c47cee9.css [33m404[0m 267.734 ms - 170[0m
[0mGET /css/modal-07c278fe22.css [33m404[0m 304.699 ms - 163[0m
[0mGET /css/layout-ace7e272ed.css [33m404[0m 301.934 ms - 164[0m
[0mGET /js/modal-1cdc41dc51.js [33m404[0m 309.419 ms - 161[0m
[0mGET /js/utilities-1a455e6f22.js [33m404[0m 371.820 ms - 165[0m
[0mPOST /users/create-user [36m302[0m 490.294 ms - 112[0m
[0mGET /users/signup [36m304[0m 266.899 ms - -[0m
[0mGET /css/modal-07c278fe22.css [33m404[0m 258.075 ms - 163[0m
[0mGET /css/user_sign_up-569c47cee9.css [33m404[0m 252.922 ms - 170[0m
[0mGET /css/layout-ace7e272ed.css [33m404[0m 275.319 ms - 164[0m
[0mGET /js/utilities-1a455e6f22.js [33m404[0m 243.209 ms - 165[0m
[0mGET /js/modal-1cdc41dc51.js [33m404[0m 262.754 ms - 161[0m
[0mPOST /users/create-user [36m302[0m 479.939 ms - 112[0m
[0mGET /users/signup [36m304[0m 255.447 ms - -[0m
[0mGET /css/modal-07c278fe22.css [33m404[0m 245.951 ms - 163[0m
[0mGET /css/layout-ace7e272ed.css [33m404[0m 264.653 ms - 164[0m
[0mGET /css/user_sign_up-569c47cee9.css [33m404[0m 263.885 ms - 170[0m
[0mGET /js/utilities-1a455e6f22.js [33m404[0m 240.970 ms - 165[0m
[0mGET /js/modal-1cdc41dc51.js [33m404[0m 266.469 ms - 161[0m
[0mPOST /users/create-user [36m302[0m 772.512 ms - 68[0m
[0mGET /users/login [36m304[0m 276.547 ms - -[0m
[0mGET /css/layout-ace7e272ed.css [33m404[0m 252.000 ms - 164[0m
[0mGET /css/modal-07c278fe22.css [33m404[0m 280.730 ms - 163[0m
[0mGET /css/user_sign_in-b3a88e169e.css [33m404[0m 274.444 ms - 170[0m
[0mGET /js/utilities-1a455e6f22.js [33m404[0m 250.819 ms - 165[0m
[0mGET /js/modal-1cdc41dc51.js [33m404[0m 257.400 ms - 161[0m
[0mGET /forgot-password [33m404[0m 253.199 ms - 154[0m
[0mGET / [36m304[0m 1879.750 ms - -[0m
[0mGET /css/modal-07c278fe22.css [33m404[0m 228.047 ms - 163[0m
[0mGET /images/spotify-logo-1d13c768b9.png [33m404[0m 231.365 ms - 173[0m
[0mGET /css/layout-ace7e272ed.css [33m404[0m 265.505 ms - 164[0m
[0mGET /css/home-f9def80ec4.css [33m404[0m 267.746 ms - 162[0m
[0mGET /images/google-logo-f50d352f9b.jpg [33m404[0m 257.001 ms - 172[0m
[0mGET /js/utilities-1a455e6f22.js [33m404[0m 241.959 ms - 165[0m
[0mGET /js/modal-1cdc41dc51.js [33m404[0m 283.960 ms - 161[0m
[0mGET /js/queue-897b659079.js [33m404[0m 274.399 ms - 161[0m
[0mGET / [32m200[0m 1904.621 ms - 16741[0m
[0mGET /css/modal-07c278fe22.css [33m404[0m 239.739 ms - 163[0m
[0mGET /images/google-logo-f50d352f9b.jpg [33m404[0m 266.821 ms - 172[0m
[0mGET /css/layout-ace7e272ed.css [33m404[0m 271.255 ms - 164[0m
[0mGET /images/spotify-logo-1d13c768b9.png [33m404[0m 265.900 ms - 173[0m
[0mGET /css/home-f9def80ec4.css [33m404[0m 265.876 ms - 162[0m
[0mGET /js/modal-1cdc41dc51.js [33m404[0m 239.831 ms - 161[0m
[0mGET /js/utilities-1a455e6f22.js [33m404[0m 242.937 ms - 165[0m
[0mGET / [32m200[0m 1868.434 ms - 16917[0m
[0mGET /css/modal-07c278fe22.css [33m404[0m 247.972 ms - 163[0m
[0mGET /css/home-f9def80ec4.css [33m404[0m 249.565 ms - 162[0m
[0mGET /css/layout-ace7e272ed.css [33m404[0m 255.039 ms - 164[0m
[0mGET /js/modal-1cdc41dc51.js [33m404[0m 242.499 ms - 161[0m
[0mGET /js/utilities-1a455e6f22.js [33m404[0m 235.240 ms - 165[0m
[0mGET / [32m200[0m 1891.132 ms - 16932[0m
[0mGET /css/modal-07c278fe22.css [33m404[0m 238.111 ms - 163[0m
[0mGET /css/home-f9def80ec4.css [33m404[0m 250.212 ms - 162[0m
[0mGET /css/layout-ace7e272ed.css [33m404[0m 258.583 ms - 164[0m
[0mGET /js/modal-1cdc41dc51.js [33m404[0m 252.552 ms - 161[0m
[0mGET /js/utilities-1a455e6f22.js [33m404[0m 263.107 ms - 165[0m
[0mGET / [32m200[0m 1907.914 ms - 16954[0m
[0mGET /css/layout-ace7e272ed.css [33m404[0m 236.048 ms - 164[0m
[0mGET /css/modal-07c278fe22.css [33m404[0m 247.834 ms - 163[0m
[0mGET /css/home-f9def80ec4.css [33m404[0m 253.055 ms - 162[0m
[0mGET /js/modal-1cdc41dc51.js [33m404[0m 242.404 ms - 161[0m
[0mGET /js/utilities-1a455e6f22.js [33m404[0m 237.406 ms - 165[0m
[0mGET / [32m200[0m 1878.577 ms - 16953[0m
[0mGET /css/modal-07c278fe22.css [33m404[0m 236.401 ms - 163[0m
[0mGET /css/home-f9def80ec4.css [33m404[0m 252.374 ms - 162[0m
[0mGET /css/layout-ace7e272ed.css [33m404[0m 255.477 ms - 164[0m
[0mGET /js/utilities-1a455e6f22.js [33m404[0m 229.972 ms - 165[0m
[0mGET /js/modal-1cdc41dc51.js [33m404[0m 249.276 ms - 161[0m
[0mGET / [32m200[0m 1912.208 ms - 16935[0m
[0mGET /css/modal-07c278fe22.css [33m404[0m 236.384 ms - 163[0m
[0mGET /css/home-f9def80ec4.css [33m404[0m 264.149 ms - 162[0m
[0mGET /css/layout-ace7e272ed.css [33m404[0m 266.579 ms - 164[0m
[0mGET /js/modal-1cdc41dc51.js [33m404[0m 233.120 ms - 161[0m
[0mGET /js/utilities-1a455e6f22.js [33m404[0m 247.663 ms - 165[0m
[0mGET / [32m200[0m 1864.647 ms - 16948[0m
[0mGET /css/modal-07c278fe22.css [33m404[0m 238.075 ms - 163[0m
[0mGET /css/layout-ace7e272ed.css [33m404[0m 244.687 ms - 164[0m
[0mGET /css/home-f9def80ec4.css [33m404[0m 260.855 ms - 162[0m
[0mGET /js/utilities-1a455e6f22.js [33m404[0m 234.852 ms - 165[0m
[0mGET /js/modal-1cdc41dc51.js [33m404[0m 258.365 ms - 161[0m
[0mGET / [32m200[0m 1843.741 ms - 16948[0m
[0mGET /css/modal-07c278fe22.css [33m404[0m 232.919 ms - 163[0m
[0mGET /css/home-f9def80ec4.css [33m404[0m 251.048 ms - 162[0m
[0mGET /css/layout-ace7e272ed.css [33m404[0m 258.953 ms - 164[0m
[0mGET /js/utilities-1a455e6f22.js [33m404[0m 232.054 ms - 165[0m
[0mGET /js/modal-1cdc41dc51.js [33m404[0m 250.252 ms - 161[0m
[0mGET / [32m200[0m 1893.380 ms - 16949[0m
[0mGET /css/modal-07c278fe22.css [33m404[0m 245.280 ms - 163[0m
[0mGET /css/home-f9def80ec4.css [33m404[0m 266.514 ms - 162[0m
[0mGET /css/layout-ace7e272ed.css [33m404[0m 265.567 ms - 164[0m
[0mGET /js/modal-1cdc41dc51.js [33m404[0m 241.956 ms - 161[0m
[0mGET /js/utilities-1a455e6f22.js [33m404[0m 281.460 ms - 165[0m
[0mGET / [32m200[0m 1897.955 ms - 16948[0m
[0mGET /css/modal-07c278fe22.css [33m404[0m 234.398 ms - 163[0m
[0mGET /css/layout-ace7e272ed.css [33m404[0m 246.653 ms - 164[0m
[0mGET /css/home-f9def80ec4.css [33m404[0m 246.467 ms - 162[0m
[0mGET /js/utilities-1a455e6f22.js [33m404[0m 235.966 ms - 165[0m
[0mGET /js/modal-1cdc41dc51.js [33m404[0m 254.657 ms - 161[0m
[0mGET /users/login [36m304[0m 230.520 ms - -[0m
[0mGET /css/modal-07c278fe22.css [33m404[0m 238.558 ms - 163[0m
[0mGET /css/layout-ace7e272ed.css [33m404[0m 248.105 ms - 164[0m
[0mGET /css/user_sign_in-b3a88e169e.css [33m404[0m 247.924 ms - 170[0m
[0mGET /js/modal-1cdc41dc51.js [33m404[0m 246.155 ms - 161[0m
[0mGET /js/utilities-1a455e6f22.js [33m404[0m 256.070 ms - 165[0m
[0mGET /users/signup [36m304[0m 282.107 ms - -[0m
[0mGET /css/modal-07c278fe22.css [33m404[0m 240.528 ms - 163[0m
[0mGET /css/user_sign_up-569c47cee9.css [33m404[0m 245.672 ms - 170[0m
[0mGET /css/layout-ace7e272ed.css [33m404[0m 256.227 ms - 164[0m
[0mGET /js/modal-1cdc41dc51.js [33m404[0m 295.411 ms - 161[0m
[0mGET /js/utilities-1a455e6f22.js [33m404[0m 264.911 ms - 165[0m
[0mPOST /users/create-user [36m302[0m 714.760 ms - 68[0m
[0mGET /users/login [36m304[0m 242.232 ms - -[0m
[0mGET /css/modal-07c278fe22.css [33m404[0m 229.994 ms - 163[0m
[0mGET /css/user_sign_in-b3a88e169e.css [33m404[0m 241.112 ms - 170[0m
[0mGET /css/layout-ace7e272ed.css [33m404[0m 243.776 ms - 164[0m
[0mGET /js/utilities-1a455e6f22.js [33m404[0m 231.108 ms - 165[0m
[0mGET /js/modal-1cdc41dc51.js [33m404[0m 243.900 ms - 161[0m
[0mPOST /users/create-session [32m200[0m 714.705 ms - 3904[0m
[0mGET /css/recommendations-85d45b374c.css [33m404[0m 484.588 ms - 173[0m
[0mGET /css/modal-07c278fe22.css [33m404[0m 520.191 ms - 163[0m
[0mGET /css/layout-ace7e272ed.css [33m404[0m 509.347 ms - 164[0m
[0mGET /js/utilities-1a455e6f22.js [33m404[0m 498.791 ms - 165[0m
[0mGET /js/modal-1cdc41dc51.js [33m404[0m 496.783 ms - 161[0m
[0mGET /js/recommendations-7fc7ab9669.js [33m404[0m 487.280 ms - 171[0m
[0mGET /images/gradient1-20d588d993.jpg [33m404[0m 485.481 ms - 170[0m
[0mGET /users/create-session [33m404[0m 454.939 ms - 159[0m
[0mPOST /users/create-session [32m200[0m 931.082 ms - 3904[0m
[0mGET /css/modal-07c278fe22.css [33m404[0m 459.384 ms - 163[0m
[0mGET /css/layout-ace7e272ed.css [33m404[0m 489.455 ms - 164[0m
[0mGET /css/recommendations-85d45b374c.css [33m404[0m 483.706 ms - 173[0m
[0mGET /js/modal-1cdc41dc51.js [33m404[0m 466.662 ms - 161[0m
[0mGET /js/utilities-1a455e6f22.js [33m404[0m 464.280 ms - 165[0m
[0mGET /js/recommendations-7fc7ab9669.js [33m404[0m 460.248 ms - 171[0m
[0mGET /images/gradient1-20d588d993.jpg [33m404[0m 465.886 ms - 170[0m
[0mPOST /users/create-session [32m200[0m 927.810 ms - 3904[0m
[0mGET /css/modal-07c278fe22.css [33m404[0m 458.312 ms - 163[0m
[0mGET /css/layout-ace7e272ed.css [33m404[0m 477.635 ms - 164[0m
[0mGET /css/recommendations-85d45b374c.css [33m404[0m 485.967 ms - 173[0m
[0mGET /js/modal-1cdc41dc51.js [33m404[0m 463.207 ms - 161[0m
[0mGET /js/utilities-1a455e6f22.js [33m404[0m 464.709 ms - 165[0m
[0mGET /js/recommendations-7fc7ab9669.js [33m404[0m 484.995 ms - 171[0m
[0mGET /images/gradient1-20d588d993.jpg [33m404[0m 476.970 ms - 170[0m
[0mGET / [36m304[0m 1980.794 ms - -[0m
[0mGET /css/layout-ace7e272ed.css [33m404[0m 243.652 ms - 164[0m
[0mGET /css/modal-07c278fe22.css [33m404[0m 292.578 ms - 163[0m
[0mGET /css/home-f9def80ec4.css [33m404[0m 287.431 ms - 162[0m
[0mGET /js/modal-1cdc41dc51.js [33m404[0m 226.877 ms - 161[0m
[0mGET /js/utilities-1a455e6f22.js [33m404[0m 242.646 ms - 165[0m
[0mGET /users/login [36m304[0m 250.744 ms - -[0m
[0mGET /css/modal-07c278fe22.css [33m404[0m 235.159 ms - 163[0m
[0mGET /css/layout-ace7e272ed.css [33m404[0m 247.184 ms - 164[0m
[0mGET /css/user_sign_in-b3a88e169e.css [33m404[0m 243.544 ms - 170[0m
[0mGET /js/modal-1cdc41dc51.js [33m404[0m 224.199 ms - 161[0m
[0mGET /js/utilities-1a455e6f22.js [33m404[0m 230.560 ms - 165[0m
[0mPOST /users/create-session [32m200[0m 728.504 ms - 3904[0m
[0mGET /css/modal-07c278fe22.css [33m404[0m 452.704 ms - 163[0m
[0mGET /css/layout-ace7e272ed.css [33m404[0m 469.374 ms - 164[0m
[0mGET /css/recommendations-85d45b374c.css [33m404[0m 470.302 ms - 173[0m
[0mGET /js/utilities-1a455e6f22.js [33m404[0m 446.450 ms - 165[0m
[0mGET /js/recommendations-7fc7ab9669.js [33m404[0m 471.210 ms - 171[0m
[0mGET /images/gradient1-20d588d993.jpg [33m404[0m 464.237 ms - 170[0m
[0mGET /js/modal-1cdc41dc51.js [33m404[0m 482.858 ms - 161[0m
[0mPOST /users/create-session [32m200[0m 895.922 ms - 7563[0m
[0mGET /css/modal-07c278fe22.css [33m404[0m 443.489 ms - 163[0m
[0mGET /css/layout-ace7e272ed.css [33m404[0m 466.018 ms - 164[0m
[0mGET /js/modal-1cdc41dc51.js [33m404[0m 445.326 ms - 161[0m
[0mGET /js/utilities-1a455e6f22.js [33m404[0m 454.595 ms - 165[0m
[0mGET /images/gradient1-20d588d993.jpg [33m404[0m 460.347 ms - 170[0m
[0mGET /music-preference [33m404[0m 453.752 ms - 155[0m
[0mGET /css/user_sign_in-b3a88e169e.css [33m404[0m 450.733 ms - 170[0m
[0mGET /css/modal-07c278fe22.css [33m404[0m 480.795 ms - 163[0m
[0mPOST /users/create-session [32m200[0m 964.140 ms - 7504[0m
[0mGET /css/layout-ace7e272ed.css [33m404[0m 458.916 ms - 164[0m
[0mGET /css/modal-07c278fe22.css [33m404[0m 465.325 ms - 163[0m
[0mGET /js/modal-1cdc41dc51.js [33m404[0m 465.884 ms - 161[0m
[0mGET /js/utilities-1a455e6f22.js [33m404[0m 451.471 ms - 165[0m
[0mGET /images/gradient1-20d588d993.jpg [33m404[0m 440.885 ms - 170[0m
[0mGET /music-preference [33m404[0m 443.010 ms - 155[0m
[0mPOST /users/create-session [32m200[0m 909.168 ms - 7503[0m
[0mGET /css/modal-07c278fe22.css [33m404[0m 442.118 ms - 163[0m
[0mGET /css/layout-ace7e272ed.css [33m404[0m 451.744 ms - 164[0m
[0mGET /js/modal-1cdc41dc51.js [33m404[0m 452.650 ms - 161[0m
[0mGET /js/utilities-1a455e6f22.js [33m404[0m 461.794 ms - 165[0m
[0mGET /images/gradient1-20d588d993.jpg [33m404[0m 458.283 ms - 170[0m
[0mGET /music-preference [33m404[0m 451.738 ms - 155[0m
[0mPOST /users/create-session [32m200[0m 951.789 ms - 7503[0m
[0mGET /css/layout-ace7e272ed.css [33m404[0m 451.600 ms - 164[0m
[0mGET /css/modal-07c278fe22.css [33m404[0m 472.125 ms - 163[0m
[0mGET /js/utilities-1a455e6f22.js [33m404[0m 445.244 ms - 165[0m
[0mGET /js/modal-1cdc41dc51.js [33m404[0m 466.774 ms - 161[0m
[0mGET /images/gradient1-20d588d993.jpg [33m404[0m 447.965 ms - 170[0m
[0mGET /music-preference [33m404[0m 442.358 ms - 155[0m
[0mPOST /users/create-session [32m200[0m 883.267 ms - 6295[0m
[0mGET /css/modal-07c278fe22.css [33m404[0m 442.287 ms - 163[0m
[0mGET /css/layout-ace7e272ed.css [33m404[0m 455.627 ms - 164[0m
[0mGET /js/modal-1cdc41dc51.js [33m404[0m 447.487 ms - 161[0m
[0mGET /js/utilities-1a455e6f22.js [33m404[0m 440.822 ms - 165[0m
[0mGET /images/gradient1-20d588d993.jpg [33m404[0m 442.904 ms - 170[0m
[0mGET /js/recommendations-7fc7ab9669.js [33m404[0m 463.401 ms - 171[0m
[0mPOST /users/create-session [32m200[0m 883.747 ms - 7740[0m
[0mGET /css/modal-07c278fe22.css [33m404[0m 447.817 ms - 163[0m
[0mGET /css/layout-ace7e272ed.css [33m404[0m 463.767 ms - 164[0m
[0mGET /js/modal-1cdc41dc51.js [33m404[0m 445.502 ms - 161[0m
[0mGET /js/utilities-1a455e6f22.js [33m404[0m 450.110 ms - 165[0m
[0mGET /images/gradient1-20d588d993.jpg [33m404[0m 441.180 ms - 170[0m
[0mGET /music-preference [33m404[0m 437.438 ms - 155[0m
[0mPOST /users/create-session [32m200[0m 877.579 ms - 9678[0m
[0mGET /css/modal-07c278fe22.css [33m404[0m 437.998 ms - 163[0m
[0mGET /css/layout-ace7e272ed.css [33m404[0m 450.217 ms - 164[0m
[0mGET /js/modal-1cdc41dc51.js [33m404[0m 441.109 ms - 161[0m
[0mGET /js/utilities-1a455e6f22.js [33m404[0m 458.612 ms - 165[0m
[0mGET /images/gradient1-20d588d993.jpg [33m404[0m 439.669 ms - 170[0m
[0mGET /music-preference [33m404[0m 442.467 ms - 155[0m
[0mPOST /users/create-session [32m200[0m 884.841 ms - 9672[0m
[0mGET /css/modal-07c278fe22.css [33m404[0m 443.808 ms - 163[0m
[0mGET /css/layout-ace7e272ed.css [33m404[0m 459.202 ms - 164[0m
[0mGET /js/modal-1cdc41dc51.js [33m404[0m 439.483 ms - 161[0m
[0mGET /js/utilities-1a455e6f22.js [33m404[0m 446.720 ms - 165[0m
[0mGET /images/gradient1-20d588d993.jpg [33m404[0m 435.600 ms - 170[0m
[0mGET /music-preference [33m404[0m 438.621 ms - 155[0m
[0mPOST /users/create-session [32m200[0m 882.285 ms - 9692[0m
[0mGET /css/modal-07c278fe22.css [33m404[0m 448.655 ms - 163[0m
[0mGET /css/layout-ace7e272ed.css [33m404[0m 461.644 ms - 164[0m
[0mGET /js/modal-1cdc41dc51.js [33m404[0m 432.705 ms - 161[0m
[0mGET /js/utilities-1a455e6f22.js [33m404[0m 433.126 ms - 165[0m
[0mGET /images/gradient1-20d588d993.jpg [33m404[0m 431.586 ms - 170[0m
[0mGET /music-preference [33m404[0m 435.526 ms - 155[0m
[0mPOST /users/create-session [32m200[0m 894.953 ms - 7565[0m
[0mGET /css/modal-07c278fe22.css [33m404[0m 443.136 ms - 163[0m
[0mGET /css/layout-ace7e272ed.css [33m404[0m 457.463 ms - 164[0m
[0mGET /js/modal-1cdc41dc51.js [33m404[0m 445.660 ms - 161[0m
[0mGET /js/utilities-1a455e6f22.js [33m404[0m 446.570 ms - 165[0m
[0mGET /images/gradient1-20d588d993.jpg [33m404[0m 440.504 ms - 170[0m
[0mGET /music-preference [33m404[0m 439.194 ms - 155[0m
[0mPOST /users/create-session [32m200[0m 876.641 ms - 7249[0m
[0mGET /css/modal-07c278fe22.css [33m404[0m 437.287 ms - 163[0m
[0mGET /css/layout-ace7e272ed.css [33m404[0m 447.389 ms - 164[0m
[0mGET /js/modal-1cdc41dc51.js [33m404[0m 457.657 ms - 161[0m
[0mGET /js/utilities-1a455e6f22.js [33m404[0m 453.341 ms - 165[0m
[0mGET /images/gradient1-20d588d993.jpg [33m404[0m 438.598 ms - 170[0m
[0mGET /music-preference [33m404[0m 451.771 ms - 155[0m
[0mPOST /users/create-session [32m200[0m 884.101 ms - 7565[0m
[0mGET /css/modal-07c278fe22.css [33m404[0m 442.663 ms - 163[0m
[0mGET /css/layout-ace7e272ed.css [33m404[0m 448.010 ms - 164[0m
[0mGET /js/modal-1cdc41dc51.js [33m404[0m 444.394 ms - 161[0m
[0mGET /js/utilities-1a455e6f22.js [33m404[0m 449.744 ms - 165[0m
[0mGET /images/gradient1-20d588d993.jpg [33m404[0m 436.273 ms - 170[0m
[0mGET /css/modal-07c278fe22.css [33m404[0m 441.228 ms - 163[0m
[0mGET /css/layout-ace7e272ed.css [33m404[0m 456.542 ms - 164[0m
[0mGET /music-preference [33m404[0m 440.547 ms - 155[0m
[0mPOST /users/create-session [32m200[0m 888.862 ms - 7568[0m
[0mGET /css/layout-ace7e272ed.css [33m404[0m 437.770 ms - 164[0m
[0mGET /css/modal-07c278fe22.css [33m404[0m 456.213 ms - 163[0m
[0mGET /js/modal-1cdc41dc51.js [33m404[0m 437.310 ms - 161[0m
[0mGET /js/utilities-1a455e6f22.js [33m404[0m 443.659 ms - 165[0m
[0mGET /images/gradient1-20d588d993.jpg [33m404[0m 433.554 ms - 170[0m
[0mGET /css/layout-ace7e272ed.css [33m404[0m 435.303 ms - 164[0m
[0mGET /css/modal-07c278fe22.css [33m404[0m 439.659 ms - 163[0m
[0mGET /music-preference [33m404[0m 448.099 ms - 155[0m
[0mGET /css/modal-07c278fe22.css [33m404[0m 451.602 ms - 163[0m
[0mGET /css/layout-ace7e272ed.css [33m404[0m 471.320 ms - 164[0m
[0mGET /css/user_sign_in-b3a88e169e.css [33m404[0m 478.286 ms - 170[0m
[0mPOST /users/create-session [32m200[0m 871.103 ms - 7601[0m
[0mGET /css/modal-07c278fe22.css [33m404[0m 456.287 ms - 163[0m
[0mGET /css/layout-ace7e272ed.css [33m404[0m 474.644 ms - 164[0m
[0mGET /js/modal-1cdc41dc51.js [33m404[0m 438.414 ms - 161[0m
[0mGET /js/utilities-1a455e6f22.js [33m404[0m 432.169 ms - 165[0m
[0mGET /images/gradient1-20d588d993.jpg [33m404[0m 434.887 ms - 170[0m
[0mGET /users/recommendations/?0=65a2abc0583f95e4323e4fd4&1=65a2abc6583f95e4323e4fe8 [36m302[0m 2639.620 ms - 70[0m
[0mGET /users/logout [36m302[0m 682.854 ms - 46[0m
[0mGET / [32m200[0m 2274.245 ms - 17108[0m
[0mGET /css/modal-07c278fe22.css [33m404[0m 236.599 ms - 163[0m
[0mGET /css/layout-ace7e272ed.css [33m404[0m 245.649 ms - 164[0m
[0mGET /css/home-f9def80ec4.css [33m404[0m 244.995 ms - 162[0m
[0mGET /js/modal-1cdc41dc51.js [33m404[0m 218.841 ms - 161[0m
[0mGET /js/utilities-1a455e6f22.js [33m404[0m 221.314 ms - 165[0m
[0mGET / [32m200[0m 2559.905 ms - 16948[0m
[0mGET /css/modal-07c278fe22.css [33m404[0m 255.131 ms - 163[0m
[0mGET /css/home-f9def80ec4.css [33m404[0m 287.788 ms - 162[0m
[0mGET /css/layout-ace7e272ed.css [33m404[0m 290.276 ms - 164[0m
[0mGET /js/modal-1cdc41dc51.js [33m404[0m 248.337 ms - 161[0m
[0mGET /js/utilities-1a455e6f22.js [33m404[0m 237.463 ms - 165[0m
[0mGET /users/login [36m304[0m 273.192 ms - -[0m
[0mGET /css/layout-ace7e272ed.css [33m404[0m 219.871 ms - 164[0m
[0mGET /css/user_sign_in-b3a88e169e.css [33m404[0m 229.748 ms - 170[0m
[0mGET /css/modal-07c278fe22.css [33m404[0m 246.555 ms - 163[0m
[0mGET /js/utilities-1a455e6f22.js [33m404[0m 237.174 ms - 165[0m
[0mGET /js/modal-1cdc41dc51.js [33m404[0m 263.652 ms - 161[0m
[0mPOST /users/create-session [36m302[0m 721.133 ms - 46[0m
[0mGET / [32m200[0m 4232.249 ms - 37529[0m
[0mGET /css/_sidebar-76e0adc662.css [33m404[0m 633.978 ms - 166[0m
[0mGET /css/_header-80cc3a9901.css [33m404[0m 647.544 ms - 165[0m
[0mGET /css/modal-07c278fe22.css [33m404[0m 691.171 ms - 163[0m
[0mGET /css/home-f9def80ec4.css [33m404[0m 705.473 ms - 162[0m
[0mGET /css/_body-41b342488b.css [33m404[0m 704.571 ms - 163[0m
[0mGET /css/layout-ace7e272ed.css [33m404[0m 643.052 ms - 164[0m
[0mGET /images/fb__logo-e73d008f2c.png [33m404[0m 656.540 ms - 169[0m
[0mGET /images/twitter__logo-0cd7dcf798.png [33m404[0m 675.162 ms - 174[0m
[0mGET /css/_footer-cdc3b5b902.css [33m404[0m 1958.026 ms - 165[0m
[0mGET /images/whatsapp__logo-e7acb34a59.png [33m404[0m 663.431 ms - 175[0m
[0mGET /js/modal-1cdc41dc51.js [33m404[0m 671.214 ms - 161[0m
[0mGET /js/create_link-1bddcaeab4.js [33m404[0m 668.678 ms - 167[0m
[0mGET /js/utilities-1a455e6f22.js [33m404[0m 684.609 ms - 165[0m
[0mGET / [32m200[0m 4159.022 ms - 37370[0m
[0mGET /css/home-f9def80ec4.css [33m404[0m 648.052 ms - 162[0m
[0mGET /css/_header-80cc3a9901.css [33m404[0m 661.740 ms - 165[0m
[0mGET /css/modal-07c278fe22.css [33m404[0m 697.478 ms - 163[0m
[0mGET /css/layout-ace7e272ed.css [33m404[0m 699.994 ms - 164[0m
[0mGET /css/_sidebar-76e0adc662.css [33m404[0m 702.726 ms - 166[0m
[0mGET /css/_body-41b342488b.css [33m404[0m 721.065 ms - 163[0m
[0mGET /css/_footer-cdc3b5b902.css [33m404[0m 677.977 ms - 165[0m
[0mGET /images/fb__logo-e73d008f2c.png [33m404[0m 697.450 ms - 169[0m
[0mGET /images/twitter__logo-0cd7dcf798.png [33m404[0m 711.265 ms - 174[0m
[0mGET /js/create_link-1bddcaeab4.js [33m404[0m 669.914 ms - 167[0m
[0mGET /js/modal-1cdc41dc51.js [33m404[0m 686.665 ms - 161[0m
[0mGET /images/whatsapp__logo-e7acb34a59.png [33m404[0m 701.772 ms - 175[0m
[0mGET /js/utilities-1a455e6f22.js [33m404[0m 709.885 ms - 165[0m
[0mGET /css/modal-07c278fe22.css [33m404[0m 1848.273 ms - 163[0m
[0mGET /css/layout-ace7e272ed.css [33m404[0m 1854.887 ms - 164[0m
[0mGET /js/modal-1cdc41dc51.js [33m404[0m 651.417 ms - 161[0m
[0mGET /css/user_sign_in-b3a88e169e.css [33m404[0m 3064.483 ms - 170[0m
[0mGET / [36m304[0m 4112.075 ms - -[0m
[0mGET /css/_sidebar-76e0adc662.css [33m404[0m 662.643 ms - 166[0m
[0mGET /css/modal-07c278fe22.css [33m404[0m 853.507 ms - 163[0m
[0mGET /css/_header-80cc3a9901.css [33m404[0m 872.851 ms - 165[0m
[0mGET /css/_body-41b342488b.css [33m404[0m 1059.716 ms - 163[0m
[0mGET /css/_footer-cdc3b5b902.css [33m404[0m 825.073 ms - 165[0m
[0mGET /images/fb__logo-e73d008f2c.png [33m404[0m 661.233 ms - 169[0m
[0mGET /images/twitter__logo-0cd7dcf798.png [33m404[0m 730.118 ms - 174[0m
[0mGET /css/home-f9def80ec4.css [33m404[0m 1818.772 ms - 162[0m
[0mGET /css/layout-ace7e272ed.css [33m404[0m 1868.226 ms - 164[0m
[0mGET /images/whatsapp__logo-e7acb34a59.png [33m404[0m 653.041 ms - 175[0m
[0mGET /js/modal-1cdc41dc51.js [33m404[0m 714.366 ms - 161[0m
[0mGET /js/create_link-1bddcaeab4.js [33m404[0m 679.764 ms - 167[0m
[0mGET /js/utilities-1a455e6f22.js [33m404[0m 700.712 ms - 165[0m
[0mGET / [32m200[0m 4233.988 ms - 39277[0m
[0mGET /css/_header-80cc3a9901.css [33m404[0m 671.428 ms - 165[0m
[0mGET /css/_body-41b342488b.css [33m404[0m 673.202 ms - 163[0m
[0mGET /css/_sidebar-76e0adc662.css [33m404[0m 691.624 ms - 166[0m
[0mGET /css/layout-ace7e272ed.css [33m404[0m 692.144 ms - 164[0m
[0mGET /css/modal-07c278fe22.css [33m404[0m 701.611 ms - 163[0m
[0mGET /images/twitter__logo-0cd7dcf798.png [33m404[0m 690.284 ms - 174[0m
[0mGET /images/fb__logo-e73d008f2c.png [33m404[0m 705.999 ms - 169[0m
[0mGET /css/_footer-cdc3b5b902.css [33m404[0m 2002.246 ms - 165[0m
[0mGET /images/whatsapp__logo-e7acb34a59.png [33m404[0m 700.401 ms - 175[0m
[0mGET /js/modal-1cdc41dc51.js [33m404[0m 708.533 ms - 161[0m
[0mGET /js/create_link-1bddcaeab4.js [33m404[0m 676.506 ms - 167[0m
[0mGET /js/utilities-1a455e6f22.js [33m404[0m 698.619 ms - 165[0m
[0mGET /home [33m404[0m 687.182 ms - 143[0m
[0mGET / [32m200[0m 2511.463 ms - 18855[0m
[0mGET /css/modal-07c278fe22.css [33m404[0m 283.563 ms - 163[0m
[0mGET /css/layout-ace7e272ed.css [33m404[0m 294.757 ms - 164[0m
[0mGET /js/modal-1cdc41dc51.js [33m404[0m 297.372 ms - 161[0m
[0mGET /js/utilities-1a455e6f22.js [33m404[0m 292.906 ms - 165[0m
[0mGET /users/login [36m304[0m 234.247 ms - -[0m
[0mGET /css/modal-07c278fe22.css [33m404[0m 230.663 ms - 163[0m
[0mGET /css/user_sign_in-b3a88e169e.css [33m404[0m 240.420 ms - 170[0m
[0mGET /css/layout-ace7e272ed.css [33m404[0m 253.573 ms - 164[0m
[0mGET /js/modal-1cdc41dc51.js [33m404[0m 268.255 ms - 161[0m
[0mGET /js/utilities-1a455e6f22.js [33m404[0m 260.312 ms - 165[0m
[0mPOST /users/create-session [36m302[0m 712.015 ms - 46[0m
[0mGET / [32m200[0m 4259.932 ms - 39436[0m
[0mGET /css/modal-07c278fe22.css [33m404[0m 672.210 ms - 163[0m
[0mGET /css/layout-ace7e272ed.css [33m404[0m 713.532 ms - 164[0m
[0mGET /css/_header-80cc3a9901.css [33m404[0m 705.098 ms - 165[0m
[0mGET /css/_sidebar-76e0adc662.css [33m404[0m 712.493 ms - 166[0m
[0mGET /css/_body-41b342488b.css [33m404[0m 731.472 ms - 163[0m
[0mGET /images/fb__logo-e73d008f2c.png [33m404[0m 666.347 ms - 169[0m
[0mGET /images/twitter__logo-0cd7dcf798.png [33m404[0m 713.190 ms - 174[0m
[0mGET /css/_footer-cdc3b5b902.css [33m404[0m 1930.456 ms - 165[0m
[0mGET /images/whatsapp__logo-e7acb34a59.png [33m404[0m 656.476 ms - 175[0m
[0mGET /js/modal-1cdc41dc51.js [33m404[0m 688.908 ms - 161[0m
[0mGET /js/create_link-1bddcaeab4.js [33m404[0m 688.268 ms - 167[0m
[0mGET /js/utilities-1a455e6f22.js [33m404[0m 707.750 ms - 165[0m
[0mGET / [32m200[0m 4199.476 ms - 63316[0m
[0mGET /css/modal-07c278fe22.css [33m404[0m 655.788 ms - 163[0m
[0mGET /css/layout-ace7e272ed.css [33m404[0m 681.179 ms - 164[0m
[0mGET /css/_header-80cc3a9901.css [33m404[0m 685.324 ms - 165[0m
[0mGET /css/_footer-cdc3b5b902.css [33m404[0m 690.797 ms - 165[0m
[0mGET /images/fb__logo-e73d008f2c.png [33m404[0m 695.296 ms - 169[0m
[0mGET /css/_sidebar-76e0adc662.css [33m404[0m 705.662 ms - 166[0m
[0mGET /images/twitter__logo-0cd7dcf798.png [33m404[0m 655.704 ms - 174[0m
[0mGET /images/whatsapp__logo-e7acb34a59.png [33m404[0m 678.300 ms - 175[0m
[0mGET /js/modal-1cdc41dc51.js [33m404[0m 680.136 ms - 161[0m
[0mGET /js/create_link-1bddcaeab4.js [33m404[0m 693.142 ms - 167[0m
[0mGET /js/utilities-1a455e6f22.js [33m404[0m 699.712 ms - 165[0m
[0mGET / [32m200[0m 4185.803 ms - 65946[0m
[0mGET /images/fb__logo-e73d008f2c.png [33m404[0m 669.927 ms - 169[0m
[0mGET /css/_sidebar-76e0adc662.css [33m404[0m 686.700 ms - 166[0m
[0mGET /css/_footer-cdc3b5b902.css [33m404[0m 712.730 ms - 165[0m
[0mGET /css/layout-ace7e272ed.css [33m404[0m 716.055 ms - 164[0m
[0mGET /css/modal-07c278fe22.css [33m404[0m 733.108 ms - 163[0m
[0mGET /images/twitter__logo-0cd7dcf798.png [33m404[0m 728.480 ms - 174[0m
[0mGET /images/whatsapp__logo-e7acb34a59.png [33m404[0m 694.878 ms - 175[0m
[0mGET /js/modal-1cdc41dc51.js [33m404[0m 687.589 ms - 161[0m
[0mGET /js/create_link-1bddcaeab4.js [33m404[0m 680.204 ms - 167[0m
[0mGET /js/utilities-1a455e6f22.js [33m404[0m 691.674 ms - 165[0m
[0mGET /users/library [0m-[0m - ms - -[0m
[0mGET /users/library [32m200[0m 1837.036 ms - 6259[0m
[0mGET /css/modal-07c278fe22.css [33m404[0m 684.366 ms - 163[0m
[0mGET /css/home-f9def80ec4.css [33m404[0m 698.221 ms - 162[0m
[0mGET /css/layout-ace7e272ed.css [33m404[0m 714.921 ms - 164[0m
[0mGET /css/_body-41b342488b.css [33m404[0m 683.843 ms - 163[0m
[0mGET /css/_header-80cc3a9901.css [33m404[0m 698.153 ms - 165[0m
[0mGET /css/_sidebar-76e0adc662.css [33m404[0m 727.514 ms - 166[0m
[0mGET /images/fb__logo-e73d008f2c.png [33m404[0m 698.386 ms - 169[0m
[0mGET /css/_footer-cdc3b5b902.css [33m404[0m 745.314 ms - 165[0m
[0mGET /images/twitter__logo-0cd7dcf798.png [33m404[0m 725.734 ms - 174[0m
[0mGET /images/whatsapp__logo-e7acb34a59.png [33m404[0m 694.924 ms - 175[0m
[0mGET /js/modal-1cdc41dc51.js [33m404[0m 708.731 ms - 161[0m
[0mGET /js/utilities-1a455e6f22.js [33m404[0m 695.351 ms - 165[0m
[0mGET /js/queue-897b659079.js [33m404[0m 678.650 ms - 161[0m
[0mGET /js/create_link-1bddcaeab4.js [33m404[0m 698.737 ms - 167[0m
[0mGET /users/library [36m304[0m 1896.133 ms - -[0m
[0mGET /css/home-f9def80ec4.css [33m404[0m 661.989 ms - 162[0m
[0mGET /css/layout-ace7e272ed.css [33m404[0m 684.323 ms - 164[0m
[0mGET /css/_body-41b342488b.css [33m404[0m 694.560 ms - 163[0m
[0mGET /css/_header-80cc3a9901.css [33m404[0m 709.025 ms - 165[0m
[0mGET /css/_sidebar-76e0adc662.css [33m404[0m 709.081 ms - 166[0m
[0mGET /css/modal-07c278fe22.css [33m404[0m 721.555 ms - 163[0m
[0mGET /css/_footer-cdc3b5b902.css [33m404[0m 666.397 ms - 165[0m
[0mGET /images/twitter__logo-0cd7dcf798.png [33m404[0m 681.252 ms - 174[0m
[0mGET /images/fb__logo-e73d008f2c.png [33m404[0m 696.839 ms - 169[0m
[0mGET /js/modal-1cdc41dc51.js [33m404[0m 663.659 ms - 161[0m
[0mGET /images/whatsapp__logo-e7acb34a59.png [33m404[0m 697.222 ms - 175[0m
[0mGET /js/utilities-1a455e6f22.js [33m404[0m 716.792 ms - 165[0m
[0mGET /js/queue-897b659079.js [33m404[0m 698.841 ms - 161[0m
[0mGET /js/create_link-1bddcaeab4.js [33m404[0m 694.410 ms - 167[0m
[0mGET / [32m200[0m 4217.236 ms - 41848[0m
[0mGET /css/_sidebar-76e0adc662.css [33m404[0m 675.290 ms - 166[0m
[0mGET /css/layout-ace7e272ed.css [33m404[0m 688.788 ms - 164[0m
[0mGET /css/_footer-cdc3b5b902.css [33m404[0m 696.902 ms - 165[0m
[0mGET /css/modal-07c278fe22.css [33m404[0m 711.228 ms - 163[0m
[0mGET /images/twitter__logo-0cd7dcf798.png [33m404[0m 683.759 ms - 174[0m
[0mGET /js/modal-1cdc41dc51.js [33m404[0m 670.066 ms - 161[0m
[0mGET /images/fb__logo-e73d008f2c.png [33m404[0m 720.446 ms - 169[0m
[0mGET /images/whatsapp__logo-e7acb34a59.png [33m404[0m 693.959 ms - 175[0m
[0mGET /js/utilities-1a455e6f22.js [33m404[0m 705.323 ms - 165[0m
[0mGET /js/create_link-1bddcaeab4.js [33m404[0m 713.440 ms - 167[0m
[0mGET / [32m200[0m 4160.485 ms - 65946[0m
[0mGET /images/fb__logo-e73d008f2c.png [33m404[0m 657.162 ms - 169[0m
[0mGET /css/modal-07c278fe22.css [33m404[0m 670.590 ms - 163[0m
[0mGET /css/layout-ace7e272ed.css [33m404[0m 672.931 ms - 164[0m
[0mGET /images/twitter__logo-0cd7dcf798.png [33m404[0m 682.976 ms - 174[0m
[0mGET /css/_footer-cdc3b5b902.css [33m404[0m 691.841 ms - 165[0m
[0mGET /css/_sidebar-76e0adc662.css [33m404[0m 706.980 ms - 166[0m
[0mGET /images/whatsapp__logo-e7acb34a59.png [33m404[0m 670.106 ms - 175[0m
[0mGET /js/modal-1cdc41dc51.js [33m404[0m 696.085 ms - 161[0m
[0mGET /js/create_link-1bddcaeab4.js [33m404[0m 691.952 ms - 167[0m
[0mGET /js/utilities-1a455e6f22.js [33m404[0m 694.706 ms - 165[0m
[0mGET /playlists/create [32m200[0m 1184.803 ms - 15778[0m
[0mGET /css/_body-41b342488b.css [33m404[0m 664.320 ms - 163[0m
[0mGET /css/modal-07c278fe22.css [33m404[0m 700.250 ms - 163[0m
[0mGET /css/layout-ace7e272ed.css [33m404[0m 696.111 ms - 164[0m
[0mGET /css/home-f9def80ec4.css [33m404[0m 715.513 ms - 162[0m
[0mGET /css/_songRow-70e9257d52.css [33m404[0m 717.322 ms - 166[0m
[0mGET /css/_header-80cc3a9901.css [33m404[0m 730.508 ms - 165[0m
[0mGET /css/_sidebar-76e0adc662.css [33m404[0m 686.275 ms - 166[0m
[0mGET /images/twitter__logo-0cd7dcf798.png [33m404[0m 680.921 ms - 174[0m
[0mGET /images/fb__logo-e73d008f2c.png [33m404[0m 695.841 ms - 169[0m
[0mGET /css/_footer-cdc3b5b902.css [33m404[0m 711.750 ms - 165[0m
[0mGET /images/whatsapp__logo-e7acb34a59.png [33m404[0m 714.119 ms - 175[0m
[0mGET /js/create_link-1bddcaeab4.js [33m404[0m 669.795 ms - 167[0m
[0mGET /js/utilities-1a455e6f22.js [33m404[0m 716.951 ms - 165[0m
[0mGET /js/create_playlist-0c2b5e28d6.js [33m404[0m 715.856 ms - 171[0m
[0mGET /js/modal-1cdc41dc51.js [33m404[0m 719.092 ms - 161[0m
[0mGET /js/queue-897b659079.js [33m404[0m 730.688 ms - 161[0m
[0mGET /images/custom-playlist-22926df894.jpg [33m404[0m 673.294 ms - 176[0m
[0mGET / [32m200[0m 4139.629 ms - 64559[0m
[0mGET /images/fb__logo-e73d008f2c.png [33m404[0m 674.600 ms - 169[0m
[0mGET /css/modal-07c278fe22.css [33m404[0m 717.702 ms - 163[0m
[0mGET /css/layout-ace7e272ed.css [33m404[0m 715.622 ms - 164[0m
[0mGET /css/_sidebar-76e0adc662.css [33m404[0m 710.359 ms - 166[0m
[0mGET /css/_footer-cdc3b5b902.css [33m404[0m 727.401 ms - 165[0m
[0mGET /images/twitter__logo-0cd7dcf798.png [33m404[0m 720.270 ms - 174[0m
[0mGET /images/whatsapp__logo-e7acb34a59.png [33m404[0m 689.095 ms - 175[0m
[0mGET /js/utilities-1a455e6f22.js [33m404[0m 686.920 ms - 165[0m
[0mGET /js/create_link-1bddcaeab4.js [33m404[0m 707.611 ms - 167[0m
[0mGET /js/modal-1cdc41dc51.js [33m404[0m 724.553 ms - 161[0m
[0mGET /playlists/create [36m304[0m 1202.995 ms - -[0m
[0mGET /css/modal-07c278fe22.css [0m-[0m - ms - -[0m
[0mGET /css/_songRow-70e9257d52.css [0m-[0m - ms - -[0m
[0mGET /css/_sidebar-76e0adc662.css [0m-[0m - ms - -[0m
[0mGET /css/layout-ace7e272ed.css [0m-[0m - ms - -[0m
[0mGET /css/home-f9def80ec4.css [0m-[0m - ms - -[0m
[0mGET /css/_body-41b342488b.css [0m-[0m - ms - -[0m
[0mGET / [32m200[0m 4186.301 ms - 39277[0m
[0mGET /css/_footer-cdc3b5b902.css [33m404[0m 657.915 ms - 165[0m
[0mGET /css/modal-07c278fe22.css [33m404[0m 682.515 ms - 163[0m
[0mGET /css/_body-41b342488b.css [33m404[0m 726.565 ms - 163[0m
[0mGET /css/_header-80cc3a9901.css [33m404[0m 726.743 ms - 165[0m
[0mGET /css/_sidebar-76e0adc662.css [33m404[0m 724.341 ms - 166[0m
[0mGET /css/layout-ace7e272ed.css [33m404[0m 735.008 ms - 164[0m
[0mGET /images/twitter__logo-0cd7dcf798.png [33m404[0m 681.320 ms - 174[0m
[0mGET /images/fb__logo-e73d008f2c.png [33m404[0m 708.414 ms - 169[0m
[0mGET /js/modal-1cdc41dc51.js [33m404[0m 660.221 ms - 161[0m
[0mGET /images/whatsapp__logo-e7acb34a59.png [33m404[0m 674.826 ms - 175[0m
[0mGET /js/utilities-1a455e6f22.js [33m404[0m 687.067 ms - 165[0m
[0mGET /js/create_link-1bddcaeab4.js [33m404[0m 689.413 ms - 167[0m
[0mGET / [32m200[0m 4164.725 ms - 37882[0m
[0mGET /css/modal-07c278fe22.css [33m404[0m 657.345 ms - 163[0m
[0mGET /css/_sidebar-76e0adc662.css [33m404[0m 695.812 ms - 166[0m
[0mGET /css/_footer-cdc3b5b902.css [33m404[0m 690.260 ms - 165[0m
[0mGET /css/_body-41b342488b.css [33m404[0m 709.166 ms - 163[0m
[0mGET /images/fb__logo-e73d008f2c.png [33m404[0m 702.744 ms - 169[0m
[0mGET /css/layout-ace7e272ed.css [33m404[0m 715.707 ms - 164[0m
[0mGET /images/twitter__logo-0cd7dcf798.png [33m404[0m 652.650 ms - 174[0m
[0mGET /js/modal-1cdc41dc51.js [33m404[0m 677.567 ms - 161[0m
[0mGET /js/create_link-1bddcaeab4.js [33m404[0m 705.365 ms - 167[0m
[0mGET /js/utilities-1a455e6f22.js [33m404[0m 707.303 ms - 165[0m
[0mGET /images/whatsapp__logo-e7acb34a59.png [33m404[0m 720.220 ms - 175[0m
[0mGET / [32m200[0m 4219.285 ms - 39277[0m
[0mGET /css/modal-07c278fe22.css [33m404[0m 677.538 ms - 163[0m
[0mGET /css/_header-80cc3a9901.css [33m404[0m 682.852 ms - 165[0m
[0mGET /css/_body-41b342488b.css [33m404[0m 703.565 ms - 163[0m
[0mGET /css/_sidebar-76e0adc662.css [33m404[0m 702.574 ms - 166[0m
[0mGET /css/layout-ace7e272ed.css [33m404[0m 717.125 ms - 164[0m
[0mGET /css/_footer-cdc3b5b902.css [33m404[0m 714.520 ms - 165[0m
[0mGET /images/fb__logo-e73d008f2c.png [33m404[0m 688.745 ms - 169[0m
[0mGET /js/utilities-1a455e6f22.js [33m404[0m 668.750 ms - 165[0m
[0mGET /images/whatsapp__logo-e7acb34a59.png [33m404[0m 718.945 ms - 175[0m
[0mGET /js/modal-1cdc41dc51.js [33m404[0m 718.968 ms - 161[0m
[0mGET /js/create_link-1bddcaeab4.js [33m404[0m 713.943 ms - 167[0m
[0mGET /images/twitter__logo-0cd7dcf798.png [33m404[0m 736.073 ms - 174[0m
[0mGET / [32m200[0m 4149.628 ms - 41849[0m
[0mGET /css/_footer-cdc3b5b902.css [33m404[0m 661.733 ms - 165[0m
[0mGET /css/modal-07c278fe22.css [33m404[0m 690.273 ms - 163[0m
[0mGET /css/_sidebar-76e0adc662.css [33m404[0m 709.030 ms - 166[0m
[0mGET /css/layout-ace7e272ed.css [33m404[0m 712.137 ms - 164[0m
[0mGET /images/fb__logo-e73d008f2c.png [33m404[0m 716.168 ms - 169[0m
[0mGET /css/_body-41b342488b.css [33m404[0m 720.067 ms - 163[0m
[0mGET /images/twitter__logo-0cd7dcf798.png [33m404[0m 700.360 ms - 174[0m
[0mGET /js/create_link-1bddcaeab4.js [33m404[0m 667.270 ms - 167[0m
[0mGET /js/modal-1cdc41dc51.js [33m404[0m 683.792 ms - 161[0m
[0mGET /js/utilities-1a455e6f22.js [33m404[0m 700.551 ms - 165[0m
[0mGET /images/whatsapp__logo-e7acb34a59.png [33m404[0m 717.423 ms - 175[0m
[0mGET / [32m200[0m 4232.870 ms - 65888[0m
[0mGET /images/twitter__logo-0cd7dcf798.png [33m404[0m 660.826 ms - 174[0m
[0mGET /css/modal-07c278fe22.css [33m404[0m 690.497 ms - 163[0m
[0mGET /css/_footer-cdc3b5b902.css [33m404[0m 694.782 ms - 165[0m
[0mGET /css/_sidebar-76e0adc662.css [33m404[0m 694.903 ms - 166[0m
[0mGET /css/layout-ace7e272ed.css [33m404[0m 714.201 ms - 164[0m
[0mGET /images/fb__logo-e73d008f2c.png [33m404[0m 708.603 ms - 169[0m
[0mGET /images/whatsapp__logo-e7acb34a59.png [33m404[0m 681.695 ms - 175[0m
[0mGET /js/utilities-1a455e6f22.js [33m404[0m 690.549 ms - 165[0m
[0mGET /js/create_link-1bddcaeab4.js [33m404[0m 704.335 ms - 167[0m
[0mGET /js/modal-1cdc41dc51.js [33m404[0m 719.256 ms - 161[0m
[0mGET /users/liked-songs [32m200[0m 997.217 ms - 9411[0m
[0mGET /css/_songRow-70e9257d52.css [33m404[0m 654.736 ms - 166[0m
[0mGET /css/home-f9def80ec4.css [33m404[0m 674.727 ms - 162[0m
[0mGET /css/_sidebar-76e0adc662.css [33m404[0m 687.653 ms - 166[0m
[0mGET /css/_body-41b342488b.css [33m404[0m 703.202 ms - 163[0m
[0mGET /css/layout-ace7e272ed.css [33m404[0m 703.411 ms - 164[0m
[0mGET /css/modal-07c278fe22.css [33m404[0m 721.590 ms - 163[0m
[0mGET /css/_footer-cdc3b5b902.css [33m404[0m 658.103 ms - 165[0m
[0mGET /images/fb__logo-e73d008f2c.png [33m404[0m 683.835 ms - 169[0m
[0mGET /images/twitter__logo-0cd7dcf798.png [33m404[0m 697.659 ms - 174[0m
[0mGET /images/whatsapp__logo-e7acb34a59.png [33m404[0m 658.440 ms - 175[0m
[0mGET /js/queue-897b659079.js [33m404[0m 671.913 ms - 161[0m
[0mGET /js/modal-1cdc41dc51.js [33m404[0m 689.134 ms - 161[0m
[0mGET /js/utilities-1a455e6f22.js [33m404[0m 697.353 ms - 165[0m
[0mGET /js/create_link-1bddcaeab4.js [33m404[0m 683.359 ms - 167[0m
[0mGET /js/toggleLike-3027320625.js [33m404[0m 713.835 ms - 166[0m
[0mGET /js/songs_list-3de58aeac2.js [33m404[0m 682.300 ms - 166[0m
[0mGET /users/liked-songs [32m200[0m 897.857 ms - 33450[0m
[0mGET /css/modal-07c278fe22.css [33m404[0m 658.762 ms - 163[0m
[0mGET /css/home-f9def80ec4.css [33m404[0m 682.972 ms - 162[0m
[0mGET /css/_sidebar-76e0adc662.css [33m404[0m 697.447 ms - 166[0m
[0mGET /css/_songRow-70e9257d52.css [33m404[0m 722.322 ms - 166[0m
[0mGET /css/_footer-cdc3b5b902.css [33m404[0m 720.764 ms - 165[0m
[0mGET /css/layout-ace7e272ed.css [33m404[0m 742.495 ms - 164[0m
[0mGET /images/fb__logo-e73d008f2c.png [33m404[0m 663.675 ms - 169[0m
[0mGET /images/twitter__logo-0cd7dcf798.png [33m404[0m 686.399 ms - 174[0m
[0mGET /js/utilities-1a455e6f22.js [33m404[0m 672.266 ms - 165[0m
[0mGET /images/whatsapp__logo-e7acb34a59.png [33m404[0m 678.010 ms - 175[0m
[0mGET /js/queue-897b659079.js [33m404[0m 686.818 ms - 161[0m
[0mGET /js/modal-1cdc41dc51.js [33m404[0m 701.378 ms - 161[0m
[0mGET /js/create_link-1bddcaeab4.js [33m404[0m 672.601 ms - 167[0m
[0mGET /js/toggleLike-3027320625.js [33m404[0m 695.144 ms - 166[0m
[0mGET /js/songs_list-3de58aeac2.js [33m404[0m 684.313 ms - 166[0m
[0mGET / [32m200[0m 4215.290 ms - 64914[0m
[0mGET /css/layout-ace7e272ed.css [33m404[0m 686.793 ms - 164[0m
[0mGET /css/modal-07c278fe22.css [33m404[0m 708.850 ms - 163[0m
[0mGET /css/_sidebar-76e0adc662.css [33m404[0m 711.859 ms - 166[0m
[0mGET /images/twitter__logo-0cd7dcf798.png [33m404[0m 708.302 ms - 174[0m
[0mGET /images/fb__logo-e73d008f2c.png [33m404[0m 720.742 ms - 169[0m
[0mGET /images/whatsapp__logo-e7acb34a59.png [33m404[0m 716.414 ms - 175[0m
[0mGET /js/modal-1cdc41dc51.js [33m404[0m 699.994 ms - 161[0m
[0mGET /js/utilities-1a455e6f22.js [33m404[0m 703.777 ms - 165[0m
[0mGET /js/create_link-1bddcaeab4.js [33m404[0m 711.512 ms - 167[0m
[0mGET / [32m200[0m 4261.309 ms - 70791[0m
[0mGET /images/twitter__logo-0cd7dcf798.png [33m404[0m 675.082 ms - 174[0m
[0mGET /css/modal-07c278fe22.css [33m404[0m 703.602 ms - 163[0m
[0mGET /css/_sidebar-76e0adc662.css [33m404[0m 726.972 ms - 166[0m
[0mGET /css/layout-ace7e272ed.css [33m404[0m 724.336 ms - 164[0m
[0mGET /images/fb__logo-e73d008f2c.png [33m404[0m 735.854 ms - 169[0m
[0mGET /js/create_link-1bddcaeab4.js [33m404[0m 691.889 ms - 167[0m
[0mGET /js/modal-1cdc41dc51.js [33m404[0m 706.471 ms - 161[0m
[0mGET /js/utilities-1a455e6f22.js [33m404[0m 716.994 ms - 165[0m
[0mGET /images/whatsapp__logo-e7acb34a59.png [33m404[0m 1794.322 ms - 175[0m
[0mGET / [36m304[0m 4721.138 ms - -[0m
[0mGET /images/fb__logo-e73d008f2c.png [33m404[0m 693.283 ms - 169[0m
[0mGET /css/modal-07c278fe22.css [33m404[0m 717.642 ms - 163[0m
[0mGET /images/twitter__logo-0cd7dcf798.png [33m404[0m 721.632 ms - 174[0m
[0mGET /css/_sidebar-76e0adc662.css [33m404[0m 744.634 ms - 166[0m
[0mGET /css/layout-ace7e272ed.css [33m404[0m 746.601 ms - 164[0m
[0mGET /images/whatsapp__logo-e7acb34a59.png [33m404[0m 702.201 ms - 175[0m
[0mGET /js/create_link-1bddcaeab4.js [33m404[0m 706.015 ms - 167[0m
[0mGET /js/utilities-1a455e6f22.js [33m404[0m 707.185 ms - 165[0m
[0mGET /js/modal-1cdc41dc51.js [33m404[0m 722.990 ms - 161[0m
[0mGET /css/layout-ace7e272ed.css [33m404[0m 693.951 ms - 164[0m
[0mGET /css/_sidebar-76e0adc662.css [33m404[0m 702.163 ms - 166[0m
[0mGET /css/modal-07c278fe22.css [33m404[0m 722.644 ms - 163[0m
[0mGET / [32m200[0m 4598.252 ms - 69501[0m
[0mGET /css/modal-07c278fe22.css [33m404[0m 698.615 ms - 163[0m
[0mGET /css/layout-ace7e272ed.css [33m404[0m 719.308 ms - 164[0m
[0mGET /images/fb__logo-e73d008f2c.png [33m404[0m 699.427 ms - 169[0m
[0mGET /images/twitter__logo-0cd7dcf798.png [33m404[0m 718.921 ms - 174[0m
[0mGET /js/modal-1cdc41dc51.js [33m404[0m 669.340 ms - 161[0m
[0mGET /js/utilities-1a455e6f22.js [33m404[0m 697.138 ms - 165[0m
[0mGET /images/whatsapp__logo-e7acb34a59.png [33m404[0m 720.399 ms - 175[0m
[0mGET /js/create_link-1bddcaeab4.js [33m404[0m 937.998 ms - 167[0m
[0mGET / [32m200[0m 4231.877 ms - 70056[0m
[0mGET /css/layout-ace7e272ed.css [33m404[0m 696.677 ms - 164[0m
[0mGET /css/_sidebar-76e0adc662.css [33m404[0m 720.964 ms - 166[0m
[0mGET /css/modal-07c278fe22.css [33m404[0m 738.053 ms - 163[0m
[0mGET /js/modal-1cdc41dc51.js [33m404[0m 721.931 ms - 161[0m
[0mGET /js/utilities-1a455e6f22.js [33m404[0m 730.259 ms - 165[0m
[0mGET / [32m200[0m 4281.418 ms - 71788[0m
[0mGET /css/modal-07c278fe22.css [33m404[0m 679.882 ms - 163[0m
[0mGET /css/layout-ace7e272ed.css [33m404[0m 727.589 ms - 164[0m
[0mGET /images/twitter__logo-0cd7dcf798.png [33m404[0m 936.983 ms - 174[0m
[0mGET /images/fb__logo-e73d008f2c.png [33m404[0m 954.038 ms - 169[0m
[0mGET /js/modal-1cdc41dc51.js [33m404[0m 679.043 ms - 161[0m
[0mGET /images/whatsapp__logo-e7acb34a59.png [33m404[0m 696.495 ms - 175[0m
[0mGET /js/utilities-1a455e6f22.js [33m404[0m 699.533 ms - 165[0m
[0mGET /js/create_link-1bddcaeab4.js [33m404[0m 710.147 ms - 167[0m
[0mGET /css/layout-ace7e272ed.css [33m404[0m 694.163 ms - 164[0m
[0mGET /css/modal-07c278fe22.css [33m404[0m 927.326 ms - 163[0m
[0mGET / [32m200[0m 5421.227 ms - 73571[0m
[0mGET /images/fb__logo-e73d008f2c.png [33m404[0m 699.559 ms - 169[0m
[0mGET /css/modal-07c278fe22.css [33m404[0m 919.468 ms - 163[0m
[0mGET /css/layout-ace7e272ed.css [33m404[0m 1159.404 ms - 164[0m
[0mGET /images/twitter__logo-0cd7dcf798.png [33m404[0m 1308.769 ms - 174[0m
[0mGET /images/whatsapp__logo-e7acb34a59.png [33m404[0m 702.301 ms - 175[0m
[0mGET /js/modal-1cdc41dc51.js [33m404[0m 921.315 ms - 161[0m
[0mGET /js/utilities-1a455e6f22.js [33m404[0m 1365.914 ms - 165[0m
[0mGET / [32m200[0m 5197.468 ms - 73555[0m
[0mGET /images/twitter__logo-0cd7dcf798.png [33m404[0m 675.027 ms - 174[0m
[0mGET /css/layout-ace7e272ed.css [33m404[0m 689.228 ms - 164[0m
[0mGET /images/fb__logo-e73d008f2c.png [33m404[0m 922.964 ms - 169[0m
[0mGET /css/modal-07c278fe22.css [33m404[0m 946.652 ms - 163[0m
[0mGET /images/whatsapp__logo-e7acb34a59.png [33m404[0m 700.645 ms - 175[0m
[0mGET /js/modal-1cdc41dc51.js [33m404[0m 931.069 ms - 161[0m
[0mGET /js/utilities-1a455e6f22.js [33m404[0m 909.882 ms - 165[0m
[0mGET / [32m200[0m 8331.311 ms - 74432[0m
[0mGET /images/twitter__logo-0cd7dcf798.png [33m404[0m 674.134 ms - 174[0m
[0mGET /css/layout-ace7e272ed.css [33m404[0m 924.548 ms - 164[0m
[0mGET /css/modal-07c278fe22.css [33m404[0m 949.418 ms - 163[0m
[0mGET /images/fb__logo-e73d008f2c.png [33m404[0m 951.367 ms - 169[0m
[0mGET /images/whatsapp__logo-e7acb34a59.png [33m404[0m 668.417 ms - 175[0m
[0mGET /js/modal-1cdc41dc51.js [33m404[0m 692.685 ms - 161[0m
[0mGET /js/utilities-1a455e6f22.js [33m404[0m 904.092 ms - 165[0m
[0mGET / [32m200[0m 5303.740 ms - 73391[0m
[0mGET /images/fb__logo-e73d008f2c.png [33m404[0m 685.415 ms - 169[0m
[0mGET /css/modal-07c278fe22.css [33m404[0m 924.950 ms - 163[0m
[0mGET /css/layout-ace7e272ed.css [33m404[0m 1128.764 ms - 164[0m
[0mGET /images/whatsapp__logo-e7acb34a59.png [33m404[0m 685.781 ms - 175[0m
[0mGET /images/twitter__logo-0cd7dcf798.png [33m404[0m 1905.611 ms - 174[0m
[0mGET /js/utilities-1a455e6f22.js [33m404[0m 918.376 ms - 165[0m
[0mGET /js/modal-1cdc41dc51.js [33m404[0m 928.565 ms - 161[0m
